ERROR - 2026-06-27 22:19:54 --> Unknown column 'v.charging_time' in 'SELECT'
in SYSTEMPATH/Database/MySQLi/Connection.php on line 300.
 1 SYSTEMPATH/Database/MySQLi/Connection.php(300): mysqli->query()
 2 SYSTEMPATH/Database/BaseConnection.php(908): CodeIgniter\Database\MySQLi\Connection->execute()
 3 SYSTEMPATH/Database/BaseConnection.php(825): CodeIgniter\Database\BaseConnection->simpleQuery()
 4 APPPATH/Controllers/AiController.php(22): CodeIgniter\Database\BaseConnection->query()
 5 SYSTEMPATH/CodeIgniter.php(974): App\Controllers\AiController->evRecommend()
 6 SYSTEMPATH/CodeIgniter.php(520): CodeIgniter\CodeIgniter->runController()
 7 SYSTEMPATH/CodeIgniter.php(363): CodeIgniter\CodeIgniter->handleRequest()
 8 SYSTEMPATH/Boot.php(417): CodeIgniter\CodeIgniter->run()
 9 SYSTEMPATH/Boot.php(68): CodeIgniter\Boot::runCodeIgniter()
10 FCPATH/index.php(66): CodeIgniter\Boot::bootWeb()
CRITICAL - 2026-06-27 22:19:54 --> CodeIgniter\Database\Exceptions\DatabaseException: Unknown column 'v.charging_time' in 'SELECT'
[Method: POST, Route: ai/ev-recommend]
in SYSTEMPATH/Database/BaseConnection.php on line 863.
 1 APPPATH/Controllers/AiController.php(22): CodeIgniter\Database\BaseConnection->query()
 2 SYSTEMPATH/CodeIgniter.php(974): App\Controllers\AiController->evRecommend()
 3 SYSTEMPATH/CodeIgniter.php(520): CodeIgniter\CodeIgniter->runController()
 4 SYSTEMPATH/CodeIgniter.php(363): CodeIgniter\CodeIgniter->handleRequest()
 5 SYSTEMPATH/Boot.php(417): CodeIgniter\CodeIgniter->run()
 6 SYSTEMPATH/Boot.php(68): CodeIgniter\Boot::runCodeIgniter()
 7 FCPATH/index.php(66): CodeIgniter\Boot::bootWeb()
CRITICAL - 2026-06-27 22:19:54 --> [Caused by] CodeIgniter\Database\Exceptions\DatabaseException: Unknown column 'v.charging_time' in 'SELECT'
in SYSTEMPATH/Database/MySQLi/Connection.php on line 310.
 1 SYSTEMPATH/Database/BaseConnection.php(908): CodeIgniter\Database\MySQLi\Connection->execute()
 2 SYSTEMPATH/Database/BaseConnection.php(825): CodeIgniter\Database\BaseConnection->simpleQuery()
 3 APPPATH/Controllers/AiController.php(22): CodeIgniter\Database\BaseConnection->query()
 4 SYSTEMPATH/CodeIgniter.php(974): App\Controllers\AiController->evRecommend()
 5 SYSTEMPATH/CodeIgniter.php(520): CodeIgniter\CodeIgniter->runController()
 6 SYSTEMPATH/CodeIgniter.php(363): CodeIgniter\CodeIgniter->handleRequest()
 7 SYSTEMPATH/Boot.php(417): CodeIgniter\CodeIgniter->run()
 8 SYSTEMPATH/Boot.php(68): CodeIgniter\Boot::runCodeIgniter()
 9 FCPATH/index.php(66): CodeIgniter\Boot::bootWeb()
CRITICAL - 2026-06-27 22:19:54 --> [Caused by] mysqli_sql_exception: Unknown column 'v.charging_time' in 'SELECT'
in SYSTEMPATH/Database/MySQLi/Connection.php on line 300.
 1 SYSTEMPATH/Database/MySQLi/Connection.php(300): mysqli->query()
 2 SYSTEMPATH/Database/BaseConnection.php(908): CodeIgniter\Database\MySQLi\Connection->execute()
 3 SYSTEMPATH/Database/BaseConnection.php(825): CodeIgniter\Database\BaseConnection->simpleQuery()
 4 APPPATH/Controllers/AiController.php(22): CodeIgniter\Database\BaseConnection->query()
 5 SYSTEMPATH/CodeIgniter.php(974): App\Controllers\AiController->evRecommend()
 6 SYSTEMPATH/CodeIgniter.php(520): CodeIgniter\CodeIgniter->runController()
 7 SYSTEMPATH/CodeIgniter.php(363): CodeIgniter\CodeIgniter->handleRequest()
 8 SYSTEMPATH/Boot.php(417): CodeIgniter\CodeIgniter->run()
 9 SYSTEMPATH/Boot.php(68): CodeIgniter\Boot::runCodeIgniter()
10 FCPATH/index.php(66): CodeIgniter\Boot::bootWeb()
